<?xml version="1.0" encoding="UTF-8"?>
<!-- Generated by org.testng.reporters.JUnitReportReporter -->
<testsuite hostname="LAPTOP-MDM1H7HV" failures="0" tests="1" name="myTests.TestSelectOrder" time="23.308" errors="0" timestamp="2020-08-03T20:51:06 ART" skipped="0">
  <testcase classname="myTests.TestSelectOrder" name="selectByVisibleText" time="23.308"/>
  <system-out/>
</testsuite> <!-- myTests.TestSelectOrder -->
