<?xml version="1.0" encoding="UTF-8"?>
<!-- Generated by org.testng.reporters.JUnitReportReporter -->
<testsuite hostname="LAPTOP-MDM1H7HV" failures="0" tests="3" name="myTests.TestSearch" time="43.608" errors="0" timestamp="2020-07-22T19:48:24 ART" skipped="0">
  <testcase classname="myTests.TestSearch" name="searchDresses" time="14.052"/>
  <system-out/>
  <testcase classname="myTests.TestSearch" name="searchNoResult" time="14.048"/>
  <system-out/>
  <testcase classname="myTests.TestSearch" name="searchTSHIRTS" time="15.508"/>
  <system-out/>
</testsuite> <!-- myTests.TestSearch -->
