<?xml version="1.0" encoding="UTF-8"?>
<!-- Generated by org.testng.reporters.JUnitReportReporter -->
<testsuite hostname="LAPTOP-MDM1H7HV" failures="0" tests="3" name="myTests.TestSearch" time="45.694" errors="0" timestamp="2020-07-27T19:53:53 ART" skipped="0">
  <testcase classname="myTests.TestSearch" name="searchNoResult" time="15.118"/>
  <system-out/>
  <testcase classname="myTests.TestSearch" name="searchTSHIRTS" time="13.794"/>
  <system-out/>
  <testcase classname="myTests.TestSearch" name="searchDresses" time="16.782"/>
  <system-out/>
</testsuite> <!-- myTests.TestSearch -->
